2021-06-06 19:36:40,005 : INFO - Starting application
2021-06-06 19:36:40,052 : INFO - Preparing data for the prediction
2021-06-06 19:36:40,188 : INFO - NumExpr defaulting to 8 threads.
2021-06-06 19:36:40,261 : INFO - Prediction dataset prepared
2021-06-06 19:36:40,261 : INFO - Loading model from the mentioned pkl file path: ../Models/LinearR.pkl
2021-06-06 19:36:40,632 : INFO - Predicting values for the input dateset
2021-06-06 19:36:40,634 : INFO - Prediction completed
2021-06-06 19:39:18,189 : INFO - File saved to mentioned path:
CSV path: UserReport/Result.csv
Excel path: UserReport/Result.xlsx
2021-06-06 19:39:18,191 : INFO - Displaying Categorical graph
2021-06-06 19:39:18,191 : INFO - Reading CSV
2021-06-06 19:39:18,255 : INFO - PSPS_Activation_probability% Range:
High (RED): PSPS_Activation_probability% > 85
Medium (YELLOW): 85 >= PSPS_Activation_probability% > 60
Low (GREEN): PSPS_Activation_probability%<=60
2021-06-06 19:43:06,124 : INFO - Starting application
2021-06-06 19:43:06,170 : INFO - Preparing data for the prediction
2021-06-06 19:43:06,398 : INFO - Prediction dataset prepared
2021-06-06 19:43:06,398 : INFO - Loading model from the mentioned pkl file path: ../Models/LinearR.pkl
2021-06-06 19:43:06,963 : INFO - Predicting values for the input dateset
2021-06-06 19:43:06,965 : INFO - Prediction completed
2021-06-06 19:43:59,088 : INFO - File saved to mentioned path:
CSV path: UserReport/Result.csv
Excel path: UserReport/Result.xlsx
2021-06-06 19:43:59,090 : INFO - Displaying Categorical graph
2021-06-06 19:43:59,090 : INFO - Reading CSV
2021-06-06 19:43:59,180 : INFO - PSPS_Activation_probability% Range:
High (RED): PSPS_Activation_probability% > 85
Medium (YELLOW): 85 >= PSPS_Activation_probability% > 60
Low (GREEN): PSPS_Activation_probability%<=60
2021-12-17 00:53:57,848 : INFO - Starting application
2021-12-17 00:53:57,851 : INFO - Preparing data for the prediction
2021-12-17 00:53:57,861 : INFO - Prediction dataset prepared
2021-12-17 00:53:57,861 : INFO - Loading model from the mentioned pkl file path: ../Models/LinearR.pkl
2021-12-17 00:53:58,359 : INFO - Predicting values for the input dateset
2021-12-17 00:53:58,376 : INFO - Prediction completed
2021-12-17 00:53:58,697 : INFO - File saved to mentioned path:
CSV path: UserReport/Result.csv
Excel path: UserReport/Result.xlsx
2021-12-17 00:53:58,698 : INFO - Displaying Categorical graph
2021-12-17 00:53:58,698 : INFO - Reading CSV
2021-12-17 00:53:58,705 : INFO - PSPS_Activation_probability% Range:
High (RED): PSPS_Activation_probability% > 85
Medium (YELLOW): 85 >= PSPS_Activation_probability% > 60
Low (GREEN): PSPS_Activation_probability%<=60
2021-12-17 00:54:04,008 : ERROR - Traceback (most recent call last):
  File "C:\Users\malla\AppData\Local\Temp/ipykernel_19292/2842716902.py", line 36, in <module>
    generate_map()
  File "C:\Users\malla\AppData\Local\Temp/ipykernel_19292/741635171.py", line 143, in generate_map
    geom_dct = json.load(open("json\circuit_geom.json", 'r'))
FileNotFoundError: [Errno 2] No such file or directory: 'json\\circuit_geom.json'

2021-12-18 18:32:28,497 : INFO - Starting application
2021-12-18 18:32:28,497 : ERROR - Traceback (most recent call last):
  File "C:\Users\malla\AppData\Local\Temp/ipykernel_10972/2842716902.py", line 29, in <module>
    predict_values()
NameError: name 'predict_values' is not defined

